 
cpldfit:  version P.20131013                        Xilinx Inc.
                                  Fitter Report
Design Name: Z1                                  Date: 12- 3-2024, 12:52PM
Device Used: XC9572XL-10-PC44
Fitting Status: Successful

*************************  Mapped Resource Summary  **************************

Macrocells     Product Terms    Function Block   Registers      Pins           
Used/Tot       Used/Tot         Inps Used/Tot    Used/Tot       Used/Tot       
16 /72  ( 22%) 37  /360  ( 10%) 21 /216 ( 10%)   10 /72  ( 14%) 8  /34  ( 24%)

** Function Block Resources **

Function    Mcells      FB Inps     Pterms      IO          
Block       Used/Tot    Used/Tot    Used/Tot    Used/Tot    
FB1           0/18        0/54        0/90       1/ 9
FB2          11/18       10/54       29/90       4/ 9
FB3           0/18        0/54        0/90       0/ 9
FB4           5/18       11/54        8/90       3/ 7
             -----       -----       -----      -----    
             16/72       21/216      37/360      8/34 

* - Resource is exhausted

** Global Control Resources **

Signal 'CLK' mapped onto global clock net GCK3.
Global output enable net(s) unused.
Global set/reset net(s) unused.

** Pin Resources **

Signal Type    Required     Mapped  |  Pin Type            Used    Total 
------------------------------------|------------------------------------
Input         :    3           3    |  I/O              :     4      28
Output        :    4           4    |  GCK/IO           :     1       3
Bidirectional :    0           0    |  GTS/IO           :     2       2
GCK           :    1           1    |  GSR/IO           :     1       1
GTS           :    0           0    |
GSR           :    0           0    |
                 ----        ----
        Total      8           8

** Power Data **

There are 16 macrocells in high performance mode (MCHP).
There are 0 macrocells in low power mode (MCLP).
End of Mapped Resource Summary
**************************  Errors and Warnings  ***************************

WARNING:Cpld - Unable to retrieve the path to the iSE Project Repository. Will
   use the default filename of 'Z1.ise'.
*************************  Summary of Mapped Logic  ************************

** 4 Outputs **

Signal              Total Total Loc     Pin  Pin     Pin     Pwr  Slew Reg Init
Name                Pts   Inps          No.  Type    Use     Mode Rate State
Y                   2     5     FB2_2   35   I/O     O       STD  FAST RESET
Q<0>                2     2     FB4_14  29   I/O     O       STD  FAST RESET
Q<1>                2     2     FB4_15  33   I/O     O       STD  FAST RESET
Q<2>                2     2     FB4_17  34   I/O     O       STD  FAST RESET

** 12 Buried Nodes **

Signal              Total Total Loc     Pwr  Reg Init
Name                Pts   Inps          Mode State
Q_2/Q_2_SETF__$INT  1     3     FB2_9   STD  
state_FSM_FFd6      2     5     FB2_10  STD  RESET
state_FSM_FFd4      2     5     FB2_11  STD  RESET
state_FSM_FFd3      2     5     FB2_12  STD  RESET
state_FSM_FFd2      2     5     FB2_13  STD  RESET
state_FSM_FFd7      3     6     FB2_14  STD  SET
state_FSM_FFd5      3     5     FB2_15  STD  RESET
Q_2/Q_2_RSTF__$INT  4     7     FB2_16  STD  
Q_1/Q_1_RSTF__$INT  4     7     FB2_17  STD  
Q_0/Q_0_RSTF__$INT  4     7     FB2_18  STD  
Q_1/Q_1_SETF__$INT  1     3     FB4_16  STD  
Q_0/Q_0_SETF__$INT  1     3     FB4_18  STD  

** 4 Inputs **

Signal              Loc     Pin  Pin     Pin     
Name                        No.  Type    Use     
CLK                 FB1_14  7    GCK/I/O GCK
RST                 FB2_9   39   GSR/I/O I
X                   FB2_11  40   GTS/I/O I
CE                  FB2_14  42   GTS/I/O I

Legend:
Pin No. - ~ - User Assigned
**************************  Function Block Details  ************************
Legend:
Total Pt     - Total product terms used by the macrocell signal
Imp Pt       - Product terms imported from other macrocells
Exp Pt       - Product terms exported to other macrocells
               in direction shown
Unused Pt    - Unused local product terms remaining in macrocell
Loc          - Location where logic was mapped in device
Pin Type/Use - I  - Input             GCK - Global Clock
               O  - Output            GTS - Global Output Enable
              (b) - Buried macrocell  GSR - Global Set/Reset
X            - Signal used as input to the macrocell logic.
Pin No.      - ~  - User Assigned
*********************************** FB1  ***********************************
Number of function block inputs used/remaining:               0/54
Number of signals used by logic mapping into function block:  0
Signal              Total   Imp   Exp Unused  Loc     Pin   Pin     Pin
Name                Pt      Pt    Pt  Pt               #    Type    Use
(unused)              0       0     0   5     FB1_1         (b)     
(unused)              0       0     0   5     FB1_2   1     I/O     
(unused)              0       0     0   5     FB1_3         (b)     
(unused)              0       0     0   5     FB1_4         (b)     
(unused)              0       0     0   5     FB1_5   2     I/O     
(unused)              0       0     0   5     FB1_6   3     I/O     
(unused)              0       0     0   5     FB1_7         (b)     
(unused)              0       0     0   5     FB1_8   4     I/O     
(unused)              0       0     0   5     FB1_9   5     GCK/I/O 
(unused)              0       0     0   5     FB1_10        (b)     
(unused)              0       0     0   5     FB1_11  6     GCK/I/O 
(unused)              0       0     0   5     FB1_12        (b)     
(unused)              0       0     0   5     FB1_13        (b)     
(unused)              0       0     0   5     FB1_14  7     GCK/I/O GCK
(unused)              0       0     0   5     FB1_15  8     I/O     
(unused)              0       0     0   5     FB1_16        (b)     
(unused)              0       0     0   5     FB1_17  9     I/O     
(unused)              0       0     0   5     FB1_18        (b)     
*********************************** FB2  ***********************************
Number of function block inputs used/remaining:               10/44
Number of signals used by logic mapping into function block:  10
Signal              Total   Imp   Exp Unused  Loc     Pin   Pin     Pin
Name                Pt      Pt    Pt  Pt               #    Type    Use
(unused)              0       0     0   5     FB2_1         (b)     
Y                     2       0     0   3     FB2_2   35    I/O     O
(unused)              0       0     0   5     FB2_3         (b)     
(unused)              0       0     0   5     FB2_4         (b)     
(unused)              0       0     0   5     FB2_5   36    I/O     
(unused)              0       0     0   5     FB2_6   37    I/O     
(unused)              0       0     0   5     FB2_7         (b)     
(unused)              0       0     0   5     FB2_8   38    I/O     
Q_2/Q_2_SETF__$INT    1       0     0   4     FB2_9   39    GSR/I/O I
state_FSM_FFd6        2       0     0   3     FB2_10        (b)     (b)
state_FSM_FFd4        2       0     0   3     FB2_11  40    GTS/I/O I
state_FSM_FFd3        2       0     0   3     FB2_12        (b)     (b)
state_FSM_FFd2        2       0     0   3     FB2_13        (b)     (b)
state_FSM_FFd7        3       0     0   2     FB2_14  42    GTS/I/O I
state_FSM_FFd5        3       0     0   2     FB2_15  43    I/O     (b)
Q_2/Q_2_RSTF__$INT    4       0     0   1     FB2_16        (b)     (b)
Q_1/Q_1_RSTF__$INT    4       0     0   1     FB2_17  44    I/O     (b)
Q_0/Q_0_RSTF__$INT    4       0     0   1     FB2_18        (b)     (b)

Signals Used by Logic in Function Block
  1: CE                 5: state_FSM_FFd2     8: state_FSM_FFd5 
  2: RST                6: state_FSM_FFd3     9: state_FSM_FFd6 
  3: X                  7: state_FSM_FFd4    10: state_FSM_FFd7 
  4: Y                

Signal                        1         2         3         4 FB
Name                0----+----0----+----0----+----0----+----0 Inputs
Y                    XXXXX................................... 5
Q_2/Q_2_SETF__$INT   ...XXX.................................. 3
state_FSM_FFd6       XXX....XX............................... 5
state_FSM_FFd4       XXX...XX................................ 5
state_FSM_FFd3       XXX..XX................................. 5
state_FSM_FFd2       XXX.XX.................................. 5
state_FSM_FFd7       XXXX....XX.............................. 6
state_FSM_FFd5       XXX....XX............................... 5
Q_2/Q_2_RSTF__$INT   ...XXXXXXX.............................. 7
Q_1/Q_1_RSTF__$INT   ...XXXXXXX.............................. 7
Q_0/Q_0_RSTF__$INT   ...XXXXXXX.............................. 7
                    0----+----1----+----2----+----3----+----4
                              0         0         0         0
*********************************** FB3  ***********************************
Number of function block inputs used/remaining:               0/54
Number of signals used by logic mapping into function block:  0
Signal              Total   Imp   Exp Unused  Loc     Pin   Pin     Pin
Name                Pt      Pt    Pt  Pt               #    Type    Use
(unused)              0       0     0   5     FB3_1         (b)     
(unused)              0       0     0   5     FB3_2   11    I/O     
(unused)              0       0     0   5     FB3_3         (b)     
(unused)              0       0     0   5     FB3_4         (b)     
(unused)              0       0     0   5     FB3_5   12    I/O     
(unused)              0       0     0   5     FB3_6         (b)     
(unused)              0       0     0   5     FB3_7         (b)     
(unused)              0       0     0   5     FB3_8   13    I/O     
(unused)              0       0     0   5     FB3_9   14    I/O     
(unused)              0       0     0   5     FB3_10        (b)     
(unused)              0       0     0   5     FB3_11  18    I/O     
(unused)              0       0     0   5     FB3_12        (b)     
(unused)              0       0     0   5     FB3_13        (b)     
(unused)              0       0     0   5     FB3_14  19    I/O     
(unused)              0       0     0   5     FB3_15  20    I/O     
(unused)              0       0     0   5     FB3_16  24    I/O     
(unused)              0       0     0   5     FB3_17  22    I/O     
(unused)              0       0     0   5     FB3_18        (b)     
*********************************** FB4  ***********************************
Number of function block inputs used/remaining:               11/43
Number of signals used by logic mapping into function block:  11
Signal              Total   Imp   Exp Unused  Loc     Pin   Pin     Pin
Name                Pt      Pt    Pt  Pt               #    Type    Use
(unused)              0       0     0   5     FB4_1         (b)     
(unused)              0       0     0   5     FB4_2   25    I/O     
(unused)              0       0     0   5     FB4_3         (b)     
(unused)              0       0     0   5     FB4_4         (b)     
(unused)              0       0     0   5     FB4_5   26    I/O     
(unused)              0       0     0   5     FB4_6         (b)     
(unused)              0       0     0   5     FB4_7         (b)     
(unused)              0       0     0   5     FB4_8   27    I/O     
(unused)              0       0     0   5     FB4_9         (b)     
(unused)              0       0     0   5     FB4_10        (b)     
(unused)              0       0     0   5     FB4_11  28    I/O     
(unused)              0       0     0   5     FB4_12        (b)     
(unused)              0       0     0   5     FB4_13        (b)     
Q<0>                  2       0     0   3     FB4_14  29    I/O     O
Q<1>                  2       0     0   3     FB4_15  33    I/O     O
Q_1/Q_1_SETF__$INT    1       0     0   4     FB4_16        (b)     (b)
Q<2>                  2       0     0   3     FB4_17  34    I/O     O
Q_0/Q_0_SETF__$INT    1       0     0   4     FB4_18        (b)     (b)

Signals Used by Logic in Function Block
  1: Q_0/Q_0_RSTF__$INT   5: Q_2/Q_2_RSTF__$INT   9: state_FSM_FFd4 
  2: Q_0/Q_0_SETF__$INT   6: Q_2/Q_2_SETF__$INT  10: state_FSM_FFd5 
  3: Q_1/Q_1_RSTF__$INT   7: Y                   11: state_FSM_FFd6 
  4: Q_1/Q_1_SETF__$INT   8: state_FSM_FFd2     

Signal                        1         2         3         4 FB
Name                0----+----0----+----0----+----0----+----0 Inputs
Q<0>                 XX...................................... 2
Q<1>                 ..XX.................................... 2
Q_1/Q_1_SETF__$INT   ......X.XX.............................. 3
Q<2>                 ....XX.................................. 2
Q_0/Q_0_SETF__$INT   .......XX.X............................. 3
                    0----+----1----+----2----+----3----+----4
                              0         0         0         0
*******************************  Equations  ********************************

********** Mapped Logic **********

FDCPE_Q0: FDCPE port map (Q(0),'0','0',NOT Q_0/Q_0_RSTF__$INT,NOT Q_0/Q_0_SETF__$INT);

FDCPE_Q1: FDCPE port map (Q(1),'0','0',NOT Q_1/Q_1_RSTF__$INT,NOT Q_1/Q_1_SETF__$INT);

FDCPE_Q2: FDCPE port map (Q(2),'0','0',NOT Q_2/Q_2_RSTF__$INT,NOT Q_2/Q_2_SETF__$INT);


Q_0/Q_0_RSTF__$INT <= ((state_FSM_FFd6)
	OR (state_FSM_FFd2)
	OR (state_FSM_FFd4)
	OR (NOT Y AND NOT state_FSM_FFd5 AND NOT state_FSM_FFd3 AND 
	NOT state_FSM_FFd7));


Q_0/Q_0_SETF__$INT <= (NOT state_FSM_FFd6 AND NOT state_FSM_FFd2 AND NOT state_FSM_FFd4);


Q_1/Q_1_RSTF__$INT <= ((Y)
	OR (state_FSM_FFd4)
	OR (state_FSM_FFd5)
	OR (NOT state_FSM_FFd6 AND NOT state_FSM_FFd2 AND NOT state_FSM_FFd3 AND 
	NOT state_FSM_FFd7));


Q_1/Q_1_SETF__$INT <= (NOT Y AND NOT state_FSM_FFd4 AND NOT state_FSM_FFd5);


Q_2/Q_2_RSTF__$INT <= ((Y)
	OR (state_FSM_FFd2)
	OR (state_FSM_FFd3)
	OR (NOT state_FSM_FFd6 AND NOT state_FSM_FFd4 AND NOT state_FSM_FFd5 AND 
	NOT state_FSM_FFd7));


Q_2/Q_2_SETF__$INT <= (NOT Y AND NOT state_FSM_FFd2 AND NOT state_FSM_FFd3);

FDCPE_Y: FDCPE port map (Y,Y_D,CLK,'0','0');
Y_D <= ((NOT CE AND NOT RST AND Y)
	OR (CE AND X AND NOT RST AND state_FSM_FFd2));

FDCPE_state_FSM_FFd2: FDCPE port map (state_FSM_FFd2,state_FSM_FFd2_D,CLK,'0','0');
state_FSM_FFd2_D <= ((NOT CE AND NOT RST AND state_FSM_FFd2)
	OR (CE AND X AND NOT RST AND state_FSM_FFd3));

FDCPE_state_FSM_FFd3: FDCPE port map (state_FSM_FFd3,state_FSM_FFd3_D,CLK,'0','0');
state_FSM_FFd3_D <= ((NOT CE AND NOT RST AND state_FSM_FFd3)
	OR (CE AND X AND NOT RST AND state_FSM_FFd4));

FDCPE_state_FSM_FFd4: FDCPE port map (state_FSM_FFd4,state_FSM_FFd4_D,CLK,'0','0');
state_FSM_FFd4_D <= ((NOT CE AND NOT RST AND state_FSM_FFd4)
	OR (CE AND X AND NOT RST AND state_FSM_FFd5));

FDCPE_state_FSM_FFd5: FDCPE port map (state_FSM_FFd5,state_FSM_FFd5_D,CLK,'0','0');
state_FSM_FFd5_D <= ((NOT CE AND NOT RST AND state_FSM_FFd5)
	OR (NOT X AND NOT RST AND state_FSM_FFd5)
	OR (CE AND NOT X AND NOT RST AND state_FSM_FFd6));

FDCPE_state_FSM_FFd6: FDCPE port map (state_FSM_FFd6,state_FSM_FFd6_D,CLK,'0','0');
state_FSM_FFd6_D <= ((NOT CE AND NOT RST AND state_FSM_FFd6)
	OR (CE AND NOT X AND NOT RST AND NOT state_FSM_FFd6 AND NOT state_FSM_FFd5));

FDCPE_state_FSM_FFd7: FDCPE port map (state_FSM_FFd7,state_FSM_FFd7_D,CLK,'0','0');
state_FSM_FFd7_D <= ((CE AND NOT X AND NOT RST)
	OR (NOT CE AND NOT RST AND NOT state_FSM_FFd7)
	OR (NOT RST AND NOT Y AND NOT state_FSM_FFd6 AND NOT state_FSM_FFd7));

Register Legend:
 FDCPE (Q,D,C,CLR,PRE,CE); 
 FTCPE (Q,D,C,CLR,PRE,CE); 
 LDCP  (Q,D,G,CLR,PRE); 

******************************  Device Pin Out *****************************

Device : XC9572XL-10-PC44


   --------------------------------  
  /6  5  4  3  2  1  44 43 42 41 40 \
 | 7                             39 | 
 | 8                             38 | 
 | 9                             37 | 
 | 10                            36 | 
 | 11       XC9572XL-10-PC44     35 | 
 | 12                            34 | 
 | 13                            33 | 
 | 14                            32 | 
 | 15                            31 | 
 | 16                            30 | 
 | 17                            29 | 
 \ 18 19 20 21 22 23 24 25 26 27 28 /
   --------------------------------  


Pin Signal                         Pin Signal                        
No. Name                           No. Name                          
  1 KPR                              23 GND                           
  2 KPR                              24 KPR                           
  3 KPR                              25 KPR                           
  4 KPR                              26 KPR                           
  5 KPR                              27 KPR                           
  6 KPR                              28 KPR                           
  7 CLK                              29 Q<0>                          
  8 KPR                              30 TDO                           
  9 KPR                              31 GND                           
 10 GND                              32 VCC                           
 11 KPR                              33 Q<1>                          
 12 KPR                              34 Q<2>                          
 13 KPR                              35 Y                             
 14 KPR                              36 KPR                           
 15 TDI                              37 KPR                           
 16 TMS                              38 KPR                           
 17 TCK                              39 RST                           
 18 KPR                              40 X                             
 19 KPR                              41 VCC                           
 20 KPR                              42 CE                            
 21 VCC                              43 KPR                           
 22 KPR                              44 KPR                           


Legend :  NC  = Not Connected, unbonded pin
         PGND = Unused I/O configured as additional Ground pin
         TIE  = Unused I/O floating -- must tie to VCC, GND or other signal
         KPR  = Unused I/O with weak keeper (leave unconnected)
         VCC  = Dedicated Power Pin
         GND  = Dedicated Ground Pin
         TDI  = Test Data In, JTAG pin
         TDO  = Test Data Out, JTAG pin
         TCK  = Test Clock, JTAG pin
         TMS  = Test Mode Select, JTAG pin
  PROHIBITED  = User reserved pin
****************************  Compiler Options  ****************************

Following is a list of all global compiler options used by the fitter run.

Device(s) Specified                         : xc9572xl-10-PC44
Optimization Method                         : SPEED
Multi-Level Logic Optimization              : ON
Ignore Timing Specifications                : OFF
Default Register Power Up Value             : LOW
Keep User Location Constraints              : ON
What-You-See-Is-What-You-Get                : OFF
Exhaustive Fitting                          : OFF
Keep Unused Inputs                          : OFF
Slew Rate                                   : FAST
Power Mode                                  : STD
Ground on Unused IOs                        : OFF
Set I/O Pin Termination                     : KEEPER
Global Clock Optimization                   : ON
Global Set/Reset Optimization               : ON
Global Ouput Enable Optimization            : ON
Input Limit                                 : 54
Pterm Limit                                 : 25
